[INFO ] 2022-04-06 09:26:15.399 [main] Log - Ouverture de Chrome
[INFO ] 2022-04-06 09:26:44.835 [TestNG-tests-1] Log - I am in onStart method Exemple
[INFO ] 2022-04-06 09:26:50.702 [TestNG-tests-1] Log - Ouverture de Chrome
[INFO ] 2022-04-06 09:26:56.390 [TestNG-tests-1] Log - addArticleToCart test is starting.
[INFO ] 2022-04-06 09:27:06.702 [TestNG-tests-1] Log - addArticleToCart test is failed.
[INFO ] 2022-04-06 09:27:06.704 [TestNG-tests-1] Log - addArticleToCart test is failed.
[INFO ] 2022-04-06 09:27:06.707 [TestNG-tests-1] Log - I am in onFinish method Exemple
[INFO ] 2022-04-06 10:17:36.514 [main] Log - I am in onStart method Exemple
[INFO ] 2022-04-06 10:17:52.221 [main] Log - Ouverture de Chrome
[INFO ] 2022-04-06 10:18:10.070 [main] Log - addArticleToCart test is starting.
[INFO ] 2022-04-06 10:18:16.503 [main] Log - addArticleToCart test is failed.
[INFO ] 2022-04-06 10:18:16.508 [main] Log - addArticleToCart test is failed.
[INFO ] 2022-04-06 10:18:16.510 [main] Log - I am in onFinish method Exemple
[INFO ] 2022-04-06 10:22:18.702 [main] Log - Ouverture de Chrome
[INFO ] 2022-04-06 10:26:06.168 [main] Log - Ouverture de Chrome
[INFO ] 2022-04-06 10:26:10.413 [main] Log - Ouverture de Chrome
[INFO ] 2022-04-06 10:26:44.110 [main] Log - I am in onStart method Exemple
[INFO ] 2022-04-06 10:26:47.942 [main] Log - Ouverture de Chrome
[INFO ] 2022-04-06 10:26:53.449 [main] Log - addArticleToCart test is starting.
[INFO ] 2022-04-06 10:26:57.008 [main] Log - addArticleToCart test is failed.
[INFO ] 2022-04-06 10:26:58.149 [main] Log - addArticleToCart test is failed.
[INFO ] 2022-04-06 10:26:58.766 [main] Log - I am in onFinish method Exemple
[INFO ] 2022-04-06 10:28:05.821 [main] Log - Ouverture de Chrome
[INFO ] 2022-04-06 10:28:29.704 [main] Log - I am in onStart method Exemple
[INFO ] 2022-04-06 10:28:33.077 [main] Log - Ouverture de Chrome
[INFO ] 2022-04-06 10:28:38.938 [main] Log - addArticleToCart test is starting.
[INFO ] 2022-04-06 10:28:43.351 [main] Log - addArticleToCart test is failed.
[INFO ] 2022-04-06 10:28:45.406 [main] Log - addArticleToCart test is failed.
[INFO ] 2022-04-06 10:28:46.448 [main] Log - I am in onFinish method Exemple
[INFO ] 2022-04-06 10:31:27.882 [main] Log - I am in onStart method Exemple
[INFO ] 2022-04-06 10:31:27.973 [main] Log - addArticleToCart test is starting.
[INFO ] 2022-04-06 10:31:28.042 [main] Log - addArticleToCart test is failed.
[INFO ] 2022-04-06 10:31:28.044 [main] Log - addArticleToCart test is failed.
[INFO ] 2022-04-06 10:31:28.047 [main] Log - I am in onFinish method Exemple
[INFO ] 2022-04-06 10:31:50.068 [main] Log - I am in onStart method Exemple
[INFO ] 2022-04-06 10:31:50.136 [main] Log - addArticleToCart test is starting.
[INFO ] 2022-04-06 10:31:50.170 [main] Log - addArticleToCart test is failed.
[INFO ] 2022-04-06 10:31:50.171 [main] Log - addArticleToCart test is failed.
[INFO ] 2022-04-06 10:31:50.171 [main] Log - I am in onFinish method Exemple
[INFO ] 2022-04-06 10:32:19.095 [main] Log - Ouverture de Chrome
[INFO ] 2022-04-06 10:32:56.760 [main] Log - I am in onStart method Exemple
[INFO ] 2022-04-06 10:33:02.358 [main] Log - Ouverture de Chrome
[INFO ] 2022-04-06 10:33:06.392 [main] Log - addArticleToCart test is starting.
[INFO ] 2022-04-06 10:33:13.106 [main] Log - addArticleToCart test is failed.
[INFO ] 2022-04-06 10:33:15.053 [main] Log - addArticleToCart test is failed.
[INFO ] 2022-04-06 10:33:16.029 [main] Log - I am in onFinish method Exemple
[INFO ] 2022-04-06 10:37:00.171 [main] Log - I am in onStart method Exemple
[INFO ] 2022-04-06 10:37:08.030 [main] Log - Ouverture de Chrome
[INFO ] 2022-04-06 10:37:19.689 [main] Log - addArticleToCart test is starting.
[INFO ] 2022-04-06 10:37:41.366 [main] Log - addArticleToCart test is failed.
[INFO ] 2022-04-06 10:37:41.367 [main] Log - addArticleToCart test is failed.
[INFO ] 2022-04-06 10:37:41.370 [main] Log - I am in onFinish method Exemple
[INFO ] 2022-04-06 10:40:07.656 [main] Log - Ouverture de Chrome
[INFO ] 2022-04-06 10:42:02.026 [main] Log - I am in onStart method Exemple
[INFO ] 2022-04-06 10:42:20.868 [TestNG-tests-1] Log - I am in onStart method Exemple
[INFO ] 2022-04-06 10:42:23.721 [main] Log - Ouverture de Chrome
[INFO ] 2022-04-06 10:42:47.189 [TestNG-tests-1] Log - Ouverture de Chrome
[INFO ] 2022-04-06 10:43:12.139 [main] Log - addArticleToCart test is starting.
[INFO ] 2022-04-06 10:43:18.628 [TestNG-tests-1] Log - addArticleToCart test is starting.
[INFO ] 2022-04-06 10:43:54.806 [TestNG-tests-1] Log - addArticleToCart test is failed.
[INFO ] 2022-04-06 10:43:54.808 [TestNG-tests-1] Log - addArticleToCart test is failed.
[INFO ] 2022-04-06 10:43:54.809 [TestNG-tests-1] Log - I am in onFinish method Exemple
[INFO ] 2022-04-06 10:44:47.813 [main] Log - addArticleToCart test is failed.
[INFO ] 2022-04-06 10:44:47.815 [main] Log - addArticleToCart test is failed.
[INFO ] 2022-04-06 10:44:47.816 [main] Log - I am in onFinish method Exemple
[INFO ] 2022-04-06 10:49:46.231 [TestNG-tests-1] Log - I am in onStart method Exemple
[INFO ] 2022-04-06 10:50:13.617 [TestNG-tests-1] Log - Ouverture de Chrome
[INFO ] 2022-04-06 10:51:08.741 [TestNG-tests-1] Log - I am in onStart method Exemple
[INFO ] 2022-04-06 10:51:41.720 [TestNG-tests-1] Log - Ouverture de Chrome
[INFO ] 2022-04-06 10:52:16.684 [TestNG-tests-1] Log - addArticleToCart test is starting.
[INFO ] 2022-04-06 10:52:59.065 [main] Log - I am in onStart method Exemple
[INFO ] 2022-04-06 10:53:01.832 [TestNG-tests-1] Log - addArticleToCart test is starting.
[INFO ] 2022-04-06 10:53:08.136 [TestNG-tests-1] Log - addArticleToCart test is failed.
[INFO ] 2022-04-06 10:53:08.139 [TestNG-tests-1] Log - addArticleToCart test is failed.
[INFO ] 2022-04-06 10:53:08.140 [TestNG-tests-1] Log - I am in onFinish method Exemple
[INFO ] 2022-04-06 10:53:15.739 [TestNG-tests-1] Log - addArticleToCart test is failed.
[INFO ] 2022-04-06 10:53:15.741 [TestNG-tests-1] Log - addArticleToCart test is failed.
[INFO ] 2022-04-06 10:53:15.743 [TestNG-tests-1] Log - I am in onFinish method Exemple
[INFO ] 2022-04-06 10:53:19.997 [main] Log - Ouverture de Chrome
[INFO ] 2022-04-06 10:54:30.324 [main] Log - I am in onStart method Exemple
[INFO ] 2022-04-06 10:54:33.535 [main] Log - Ouverture de Chrome
[INFO ] 2022-04-06 10:54:37.307 [main] Log - addArticleToCart test is starting.
[INFO ] 2022-04-06 10:54:41.132 [main] Log - addArticleToCart test is failed.
[INFO ] 2022-04-06 10:54:41.133 [main] Log - addArticleToCart test is failed.
[INFO ] 2022-04-06 10:54:41.134 [main] Log - I am in onFinish method Exemple
[INFO ] 2022-04-06 10:57:06.560 [main] Log - Ouverture de Chrome
[INFO ] 2022-04-06 10:57:33.930 [main] Log - I am in onStart method Exemple
[INFO ] 2022-04-06 10:57:40.369 [main] Log - Ouverture de Chrome
[INFO ] 2022-04-06 10:57:45.510 [main] Log - addArticleToCart test is starting.
[INFO ] 2022-04-06 10:57:47.957 [main] Log - addArticleToCart test is failed.
[INFO ] 2022-04-06 10:57:48.401 [main] Log - addArticleToCartByImage test is starting.
[INFO ] 2022-04-06 10:57:48.405 [main] Log - addArticleToCartByImage test is failed.
[INFO ] 2022-04-06 10:57:48.417 [main] Log - addArticleToCartByLabel test is starting.
[INFO ] 2022-04-06 10:57:48.420 [main] Log - addArticleToCartByLabel test is failed.
[INFO ] 2022-04-06 10:57:48.425 [main] Log - addArticleToCartByPrice test is starting.
[INFO ] 2022-04-06 10:57:48.428 [main] Log - addArticleToCartByPrice test is failed.
[INFO ] 2022-04-06 10:57:48.435 [main] Log - addArticleToCartFromShopage test is starting.
[INFO ] 2022-04-06 10:57:48.438 [main] Log - addArticleToCartFromShopage test is failed.
[INFO ] 2022-04-06 10:57:48.442 [main] Log - verifyFilterByPrice1 test is starting.
[INFO ] 2022-04-06 10:57:48.450 [main] Log - verifyFilterByPrice1 test is failed.
[INFO ] 2022-04-06 10:57:48.456 [main] Log - verifyFilterByTheme test is starting.
[INFO ] 2022-04-06 10:57:48.461 [main] Log - verifyFilterByTheme test is failed.
[INFO ] 2022-04-06 10:57:48.471 [main] Log - I am in onFinish method Exemple
[INFO ] 2022-04-06 11:00:26.447 [main] Log - I am in onStart method Exemple
[INFO ] 2022-04-06 11:00:29.301 [main] Log - Ouverture de Chrome
[INFO ] 2022-04-06 11:00:33.656 [main] Log - addArticleToCart test is starting.
[INFO ] 2022-04-06 11:00:37.048 [main] Log - addArticleToCart test is failed.
[INFO ] 2022-04-06 11:00:37.510 [main] Log - addArticleToCartByImage test is starting.
[INFO ] 2022-04-06 11:00:37.513 [main] Log - addArticleToCartByImage test is failed.
[INFO ] 2022-04-06 11:00:37.520 [main] Log - addArticleToCartByLabel test is starting.
[INFO ] 2022-04-06 11:00:37.522 [main] Log - addArticleToCartByLabel test is failed.
[INFO ] 2022-04-06 11:00:37.528 [main] Log - addArticleToCartByPrice test is starting.
[INFO ] 2022-04-06 11:00:37.530 [main] Log - addArticleToCartByPrice test is failed.
[INFO ] 2022-04-06 11:00:37.533 [main] Log - addArticleToCartFromShopage test is starting.
[INFO ] 2022-04-06 11:00:37.535 [main] Log - addArticleToCartFromShopage test is failed.
[INFO ] 2022-04-06 11:00:37.538 [main] Log - verifyFilterByPrice1 test is starting.
[INFO ] 2022-04-06 11:00:37.540 [main] Log - verifyFilterByPrice1 test is failed.
[INFO ] 2022-04-06 11:00:37.545 [main] Log - verifyFilterByTheme test is starting.
[INFO ] 2022-04-06 11:00:37.547 [main] Log - verifyFilterByTheme test is failed.
[INFO ] 2022-04-06 11:00:37.552 [main] Log - I am in onFinish method Exemple
[INFO ] 2022-04-06 11:01:30.285 [main] Log - I am in onStart method Exemple
[INFO ] 2022-04-06 11:01:33.228 [main] Log - Ouverture de Chrome
[INFO ] 2022-04-06 11:01:40.910 [main] Log - Ouverture de Chrome
[INFO ] 2022-04-06 11:01:45.145 [main] Log - addArticleToCart test is starting.
[INFO ] 2022-04-06 11:01:49.865 [main] Log - addArticleToCart test is failed.
[INFO ] 2022-04-06 11:01:52.992 [main] Log - Ouverture de Chrome
[INFO ] 2022-04-06 11:01:56.949 [main] Log - addArticleToCartByImage test is starting.
[INFO ] 2022-04-06 11:02:09.628 [main] Log - addArticleToCartByImage test is succeed.
[INFO ] 2022-04-06 11:02:10.112 [main] Log - addArticleToCartByImage test is failed.
[INFO ] 2022-04-06 11:02:13.347 [main] Log - Ouverture de Chrome
[INFO ] 2022-04-06 11:02:17.459 [main] Log - addArticleToCartByLabel test is starting.
[INFO ] 2022-04-06 11:02:30.910 [main] Log - addArticleToCartByLabel test is succeed.
[INFO ] 2022-04-06 11:02:30.910 [main] Log - addArticleToCartByLabel test is failed.
[INFO ] 2022-04-06 11:02:34.414 [main] Log - Ouverture de Chrome
[INFO ] 2022-04-06 11:02:38.738 [main] Log - addArticleToCartByPrice test is starting.
[INFO ] 2022-04-06 11:05:05.851 [TestNG-tests-1] Log - I am in onStart method Exemple
[INFO ] 2022-04-06 11:05:09.956 [TestNG-tests-1] Log - Ouverture de Chrome
[INFO ] 2022-04-06 11:05:17.382 [TestNG-tests-1] Log - Ouverture de Chrome
[INFO ] 2022-04-06 11:05:22.300 [TestNG-tests-1] Log - addArticleToCart test is starting.
[INFO ] 2022-04-06 11:05:28.815 [TestNG-tests-1] Log - addArticleToCart test is failed.
[INFO ] 2022-04-06 11:05:32.698 [TestNG-tests-1] Log - Ouverture de Chrome
[INFO ] 2022-04-06 11:05:37.253 [TestNG-tests-1] Log - addArticleToCartByImage test is starting.
[INFO ] 2022-04-06 11:05:52.475 [TestNG-tests-1] Log - addArticleToCartByImage test is succeed.
[INFO ] 2022-04-06 11:05:53.071 [TestNG-tests-1] Log - addArticleToCartByImage test is failed.
[INFO ] 2022-04-06 11:05:56.758 [TestNG-tests-1] Log - Ouverture de Chrome
[INFO ] 2022-04-06 11:06:00.396 [TestNG-tests-1] Log - addArticleToCartByLabel test is starting.
[INFO ] 2022-04-06 11:06:14.233 [TestNG-tests-1] Log - addArticleToCartByLabel test is succeed.
[INFO ] 2022-04-06 11:06:14.233 [TestNG-tests-1] Log - addArticleToCartByLabel test is failed.
[INFO ] 2022-04-06 11:06:17.706 [TestNG-tests-1] Log - Ouverture de Chrome
[INFO ] 2022-04-06 11:06:22.267 [TestNG-tests-1] Log - addArticleToCartByPrice test is starting.
[INFO ] 2022-04-06 11:06:46.048 [TestNG-tests-1] Log - addArticleToCartByPrice test is succeed.
[INFO ] 2022-04-06 11:06:46.048 [TestNG-tests-1] Log - addArticleToCartByPrice test is failed.
[INFO ] 2022-04-06 11:06:50.395 [TestNG-tests-1] Log - Ouverture de Chrome
[INFO ] 2022-04-06 11:06:56.709 [TestNG-tests-1] Log - addArticleToCartFromShopage test is starting.
[INFO ] 2022-04-06 11:06:59.236 [TestNG-tests-1] Log - addArticleToCartFromShopage test is succeed.
[INFO ] 2022-04-06 11:06:59.236 [TestNG-tests-1] Log - addArticleToCartFromShopage test is failed.
[INFO ] 2022-04-06 11:07:03.629 [TestNG-tests-1] Log - Ouverture de Chrome
[INFO ] 2022-04-06 11:07:08.711 [TestNG-tests-1] Log - verifyFilterByPrice1 test is starting.
[INFO ] 2022-04-06 11:07:21.720 [TestNG-tests-1] Log - verifyFilterByPrice1 test is succeed.
[INFO ] 2022-04-06 11:07:21.721 [TestNG-tests-1] Log - verifyFilterByPrice1 test is failed.
[INFO ] 2022-04-06 11:07:25.597 [TestNG-tests-1] Log - Ouverture de Chrome
[INFO ] 2022-04-06 11:07:33.076 [TestNG-tests-1] Log - verifyFilterByTheme test is starting.
[INFO ] 2022-04-06 11:07:39.701 [TestNG-tests-1] Log - verifyFilterByTheme test is succeed.
[INFO ] 2022-04-06 11:07:39.702 [TestNG-tests-1] Log - verifyFilterByTheme test is failed.
[INFO ] 2022-04-06 11:07:40.139 [TestNG-tests-1] Log - I am in onFinish method Exemple
[INFO ] 2022-04-06 11:14:18.077 [main] Log - Ouverture de Chrome
[INFO ] 2022-04-06 11:14:27.898 [main] Log - Ouverture de Chrome
[INFO ] 2022-04-06 11:14:49.144 [main] Log - Ouverture de Chrome
[INFO ] 2022-04-06 11:15:03.522 [main] Log - Ouverture de Chrome
[INFO ] 2022-04-06 11:15:18.883 [main] Log - Ouverture de Chrome
[INFO ] 2022-04-06 11:15:31.413 [main] Log - Ouverture de Chrome
[INFO ] 2022-04-06 11:15:43.134 [main] Log - Ouverture de Chrome
[INFO ] 2022-04-06 11:16:05.213 [main] Log - Ouverture de Chrome
[INFO ] 2022-04-06 11:18:10.858 [main] Log - addArticleToCartByPrice test is failed.
[INFO ] 2022-04-06 11:18:12.702 [main] Log - Ouverture de Chrome
[INFO ] 2022-04-06 11:18:14.033 [main] Log - addArticleToCartFromShopage test is starting.
[INFO ] 2022-04-06 11:18:14.041 [main] Log - addArticleToCartFromShopage test is failed.
[INFO ] 2022-04-06 11:18:15.773 [main] Log - Ouverture de Chrome
[INFO ] 2022-04-06 11:18:16.979 [main] Log - verifyFilterByPrice1 test is starting.
[INFO ] 2022-04-06 11:18:16.995 [main] Log - verifyFilterByPrice1 test is failed.
[INFO ] 2022-04-06 11:18:18.805 [main] Log - Ouverture de Chrome
[INFO ] 2022-04-06 11:18:19.946 [main] Log - verifyFilterByTheme test is starting.
[INFO ] 2022-04-06 11:18:19.974 [main] Log - verifyFilterByTheme test is failed.
[INFO ] 2022-04-06 11:18:20.182 [main] Log - I am in onFinish method Exemple
[INFO ] 2022-04-06 11:18:39.701 [TestNG-tests-1] Log - I am in onStart method Exemple
[INFO ] 2022-04-06 11:18:42.194 [TestNG-tests-1] Log - Ouverture de Chrome
[INFO ] 2022-04-06 11:18:47.249 [TestNG-tests-1] Log - Ouverture de Chrome
[INFO ] 2022-04-06 11:18:52.021 [TestNG-tests-1] Log - addArticleToCart test is starting.
[INFO ] 2022-04-06 11:18:54.258 [TestNG-tests-1] Log - addArticleToCart test is failed.
[INFO ] 2022-04-06 11:18:56.102 [TestNG-tests-1] Log - Ouverture de Chrome
[INFO ] 2022-04-06 11:19:01.047 [TestNG-tests-1] Log - addArticleToCartByImage test is starting.
[INFO ] 2022-04-06 11:19:06.048 [TestNG-tests-1] Log - addArticleToCartByImage test is succeed.
[INFO ] 2022-04-06 11:19:06.262 [TestNG-tests-1] Log - addArticleToCartByImage test is failed.
[INFO ] 2022-04-06 11:19:07.819 [TestNG-tests-1] Log - Ouverture de Chrome
[INFO ] 2022-04-06 11:19:12.596 [TestNG-tests-1] Log - addArticleToCartByLabel test is starting.
[INFO ] 2022-04-06 11:19:15.521 [TestNG-tests-1] Log - addArticleToCartByLabel test is succeed.
[INFO ] 2022-04-06 11:19:15.521 [TestNG-tests-1] Log - addArticleToCartByLabel test is failed.
[INFO ] 2022-04-06 11:19:17.202 [TestNG-tests-1] Log - Ouverture de Chrome
[INFO ] 2022-04-06 11:19:20.542 [TestNG-tests-1] Log - addArticleToCartByPrice test is starting.
[INFO ] 2022-04-06 11:19:24.057 [TestNG-tests-1] Log - addArticleToCartByPrice test is failed.
[INFO ] 2022-04-06 11:31:40.210 [main] Log - I am in onStart method Exemple
[INFO ] 2022-04-06 11:31:42.841 [main] Log - Ouverture de Chrome
[INFO ] 2022-04-06 11:31:47.747 [main] Log - Ouverture de Chrome
[INFO ] 2022-04-06 11:31:52.431 [main] Log - addArticleToCart test is starting.
[INFO ] 2022-04-06 11:31:54.479 [main] Log - addArticleToCart test is failed.
[INFO ] 2022-04-06 11:31:56.228 [main] Log - Ouverture de Chrome
[INFO ] 2022-04-06 11:32:01.070 [main] Log - addArticleToCartByImage test is starting.
[INFO ] 2022-04-06 11:32:04.398 [main] Log - addArticleToCartByImage test is succeed.
[INFO ] 2022-04-06 11:32:04.556 [main] Log - addArticleToCartByImage test is failed.
[INFO ] 2022-04-06 11:32:06.092 [main] Log - Ouverture de Chrome
[INFO ] 2022-04-06 11:32:09.463 [main] Log - addArticleToCartByLabel test is starting.
[INFO ] 2022-04-06 11:32:12.690 [main] Log - addArticleToCartByLabel test is succeed.
[INFO ] 2022-04-06 11:32:12.690 [main] Log - addArticleToCartByLabel test is failed.
[INFO ] 2022-04-06 11:32:14.375 [main] Log - Ouverture de Chrome
[INFO ] 2022-04-06 11:32:19.127 [main] Log - addArticleToCartByPrice test is starting.
[INFO ] 2022-04-06 11:32:22.577 [main] Log - addArticleToCartByPrice test is succeed.
[INFO ] 2022-04-06 11:32:22.578 [main] Log - addArticleToCartByPrice test is failed.
[INFO ] 2022-04-06 11:32:24.331 [main] Log - Ouverture de Chrome
[INFO ] 2022-04-06 11:32:29.085 [main] Log - addArticleToCartFromShopage test is starting.
[INFO ] 2022-04-06 11:32:31.467 [main] Log - addArticleToCartFromShopage test is succeed.
[INFO ] 2022-04-06 11:32:31.467 [main] Log - addArticleToCartFromShopage test is failed.
[INFO ] 2022-04-06 11:32:33.397 [main] Log - Ouverture de Chrome
[INFO ] 2022-04-06 11:32:38.385 [main] Log - verifyFilterByPrice1 test is starting.
[INFO ] 2022-04-06 11:32:50.844 [main] Log - verifyFilterByPrice1 test is succeed.
[INFO ] 2022-04-06 11:32:50.844 [main] Log - verifyFilterByPrice1 test is failed.
[INFO ] 2022-04-06 11:32:52.485 [main] Log - Ouverture de Chrome
[INFO ] 2022-04-06 11:32:57.170 [main] Log - verifyFilterByTheme test is starting.
[INFO ] 2022-04-06 11:32:59.320 [main] Log - verifyFilterByTheme test is succeed.
[INFO ] 2022-04-06 11:32:59.320 [main] Log - verifyFilterByTheme test is failed.
[INFO ] 2022-04-06 11:32:59.505 [main] Log - I am in onFinish method Exemple
[INFO ] 2022-04-06 11:34:32.340 [TestNG-tests-1] Log - I am in onStart method Exemple
[INFO ] 2022-04-06 11:34:35.076 [TestNG-tests-1] Log - Ouverture de Chrome
[INFO ] 2022-04-06 11:34:41.011 [TestNG-tests-1] Log - Ouverture de Chrome
[INFO ] 2022-04-06 11:34:45.287 [TestNG-tests-1] Log - addArticleToCart test is starting.
[INFO ] 2022-04-06 11:34:50.355 [TestNG-tests-1] Log - addArticleToCart test is failed.
[INFO ] 2022-04-06 11:34:53.363 [TestNG-tests-1] Log - Ouverture de Chrome
[INFO ] 2022-04-06 11:34:57.974 [TestNG-tests-1] Log - addArticleToCartByImage test is starting.
[INFO ] 2022-04-06 11:35:01.246 [TestNG-tests-1] Log - addArticleToCartByImage test is succeed.
[INFO ] 2022-04-06 11:35:01.427 [TestNG-tests-1] Log - addArticleToCartByImage test is failed.
[INFO ] 2022-04-06 11:35:02.958 [TestNG-tests-1] Log - Ouverture de Chrome
[INFO ] 2022-04-06 11:35:07.795 [TestNG-tests-1] Log - addArticleToCartByLabel test is starting.
[INFO ] 2022-04-06 11:35:11.040 [TestNG-tests-1] Log - addArticleToCartByLabel test is succeed.
[INFO ] 2022-04-06 11:35:11.040 [TestNG-tests-1] Log - addArticleToCartByLabel test is failed.
[INFO ] 2022-04-06 11:35:12.740 [TestNG-tests-1] Log - Ouverture de Chrome
[INFO ] 2022-04-06 11:35:17.531 [TestNG-tests-1] Log - addArticleToCartByPrice test is starting.
[INFO ] 2022-04-06 11:35:20.743 [TestNG-tests-1] Log - addArticleToCartByPrice test is succeed.
[INFO ] 2022-04-06 11:35:20.743 [TestNG-tests-1] Log - addArticleToCartByPrice test is failed.
[INFO ] 2022-04-06 11:35:22.401 [TestNG-tests-1] Log - Ouverture de Chrome
[INFO ] 2022-04-06 11:35:27.352 [TestNG-tests-1] Log - addArticleToCartFromShopage test is starting.
[INFO ] 2022-04-06 11:35:29.601 [TestNG-tests-1] Log - addArticleToCartFromShopage test is succeed.
[INFO ] 2022-04-06 11:35:29.601 [TestNG-tests-1] Log - addArticleToCartFromShopage test is failed.
[INFO ] 2022-04-06 11:35:31.353 [TestNG-tests-1] Log - Ouverture de Chrome
[INFO ] 2022-04-06 11:35:36.203 [TestNG-tests-1] Log - verifyFilterByPrice1 test is starting.
[INFO ] 2022-04-06 11:35:48.988 [TestNG-tests-1] Log - verifyFilterByPrice1 test is succeed.
[INFO ] 2022-04-06 11:35:48.989 [TestNG-tests-1] Log - verifyFilterByPrice1 test is failed.
[INFO ] 2022-04-06 11:35:51.189 [TestNG-tests-1] Log - Ouverture de Chrome
[INFO ] 2022-04-06 11:35:56.319 [TestNG-tests-1] Log - verifyFilterByTheme test is starting.
[INFO ] 2022-04-06 11:35:58.705 [TestNG-tests-1] Log - verifyFilterByTheme test is succeed.
[INFO ] 2022-04-06 11:35:58.705 [TestNG-tests-1] Log - verifyFilterByTheme test is failed.
[INFO ] 2022-04-06 11:35:58.929 [TestNG-tests-1] Log - I am in onFinish method Exemple
[INFO ] 2022-04-06 12:13:51.388 [main] Log - Ouverture de Chrome
[INFO ] 2022-04-06 12:13:57.153 [main] Log - Ouverture de Chrome
[INFO ] 2022-04-06 12:14:08.783 [main] Log - Ouverture de Chrome
[INFO ] 2022-04-06 12:14:16.354 [main] Log - Ouverture de Chrome
[INFO ] 2022-04-06 12:14:26.032 [main] Log - Ouverture de Chrome
[INFO ] 2022-04-06 12:14:41.320 [main] Log - Ouverture de Chrome
[INFO ] 2022-04-06 12:14:50.827 [main] Log - Ouverture de Chrome
[INFO ] 2022-04-06 12:15:08.217 [main] Log - Ouverture de Chrome
[INFO ] 2022-04-06 12:16:18.344 [main] Log - I am in onStart method Exemple
[INFO ] 2022-04-06 12:16:20.761 [main] Log - Ouverture de Chrome
[INFO ] 2022-04-06 12:16:26.079 [main] Log - Ouverture de Chrome
[INFO ] 2022-04-06 12:16:30.834 [main] Log - addArticleToCart test is starting.
[INFO ] 2022-04-06 12:16:34.563 [main] Log - addArticleToCart test is failed.
[INFO ] 2022-04-06 12:16:34.931 [main] Log - I am in onFinish method Exemple
[INFO ] 2022-04-06 12:19:12.723 [TestNG-tests-1] Log - I am in onStart method Exemple
[INFO ] 2022-04-06 12:19:15.096 [TestNG-tests-1] Log - Ouverture de Chrome
[INFO ] 2022-04-06 12:19:20.333 [TestNG-tests-1] Log - Ouverture de Chrome
[INFO ] 2022-04-06 12:19:23.831 [TestNG-tests-1] Log - addArticleToCart test is starting.
[INFO ] 2022-04-06 12:19:28.311 [TestNG-tests-1] Log - addArticleToCart test is failed.
[INFO ] 2022-04-06 12:19:28.735 [TestNG-tests-1] Log - I am in onFinish method Exemple
[INFO ] 2022-04-06 12:20:28.848 [main] Log - Ouverture de Chrome
[INFO ] 2022-04-06 12:20:36.199 [main] Log - Ouverture de Chrome
[INFO ] 2022-04-06 12:20:56.307 [TestNG-tests-1] Log - Ouverture de Chrome
[INFO ] 2022-04-06 12:21:05.439 [TestNG-tests-1] Log - Ouverture de Chrome
[INFO ] 2022-04-06 12:21:34.412 [TestNG-tests-1] Log - Ouverture de Chrome
[INFO ] 2022-04-06 12:22:43.241 [main] Log - I am in onStart method Exemple
[INFO ] 2022-04-06 12:22:45.733 [main] Log - Ouverture de Chrome
[INFO ] 2022-04-06 12:22:50.721 [main] Log - Ouverture de Chrome
[INFO ] 2022-04-06 12:22:55.477 [main] Log - addArticleToCart test is starting.
[INFO ] 2022-04-06 12:22:57.627 [main] Log - addArticleToCart test is failed.
[INFO ] 2022-04-06 12:22:59.336 [main] Log - addArticleToCart test is failed.
[INFO ] 2022-04-06 12:22:59.674 [main] Log - I am in onFinish method Exemple
[INFO ] 2022-04-06 12:28:36.814 [TestNG-tests-1] Log - Ouverture de Chrome
[INFO ] 2022-04-06 12:28:45.830 [TestNG-tests-1] Log - Ouverture de Chrome
[INFO ] 2022-04-06 12:28:48.806 [TestNG-tests-1] Log - Ouverture de Chrome
[INFO ] 2022-04-06 12:28:51.277 [TestNG-tests-1] Log - Ouverture de Chrome
[INFO ] 2022-04-06 12:28:54.121 [TestNG-tests-1] Log - Ouverture de Chrome
[INFO ] 2022-04-06 13:49:27.532 [main] Log - I am in onStart method Exemple
[INFO ] 2022-04-06 13:49:30.563 [main] Log - Ouverture de Chrome
[INFO ] 2022-04-06 13:49:39.131 [main] Log - Ouverture de Chrome
[INFO ] 2022-04-06 13:49:42.359 [main] Log - addArticleToCart test is starting.
[INFO ] 2022-04-06 13:49:44.881 [main] Log - addArticleToCart test is failed.
[INFO ] 2022-04-06 13:49:46.653 [main] Log - addArticleToCart test is failed.
[INFO ] 2022-04-06 13:49:47.238 [main] Log - I am in onFinish method Exemple
[INFO ] 2022-04-06 14:30:37.834 [TestNG-tests-1] Log - Ouverture de Chrome
[INFO ] 2022-04-06 14:30:46.956 [TestNG-tests-1] Log - Ouverture de Chrome
[INFO ] 2022-04-06 14:31:05.477 [TestNG-tests-1] Log - Ouverture de Chrome
[INFO ] 2022-04-06 14:31:18.715 [TestNG-tests-1] Log - Ouverture de Chrome
[INFO ] 2022-04-06 14:31:38.276 [TestNG-tests-1] Log - Ouverture de Chrome
[INFO ] 2022-04-06 14:31:58.145 [TestNG-tests-1] Log - Ouverture de Chrome
[INFO ] 2022-04-06 14:32:15.704 [TestNG-tests-1] Log - Ouverture de Chrome
[INFO ] 2022-04-06 14:32:34.833 [TestNG-tests-1] Log - Ouverture de Chrome
[INFO ] 2022-04-06 14:32:51.434 [TestNG-tests-1] Log - Ouverture de Chrome
[INFO ] 2022-04-06 14:33:16.841 [TestNG-tests-1] Log - Ouverture de Chrome
[INFO ] 2022-04-06 15:01:18.392 [TestNG-tests-1] Log - I am in onStart method Exemple
[INFO ] 2022-04-06 15:01:21.135 [TestNG-tests-1] Log - Ouverture de Chrome
[INFO ] 2022-04-06 15:01:29.160 [TestNG-tests-1] Log - Ouverture de Chrome
[INFO ] 2022-04-06 15:01:36.633 [TestNG-tests-1] Log - addArticleToCart test is starting.
[INFO ] 2022-04-06 15:01:39.858 [TestNG-tests-1] Log - addArticleToCart test is failed.
[INFO ] 2022-04-06 15:01:42.540 [TestNG-tests-1] Log - Ouverture de Chrome
[INFO ] 2022-04-06 15:01:48.443 [TestNG-tests-1] Log - addArticleToCartByImage test is starting.
[INFO ] 2022-04-06 15:01:56.773 [TestNG-tests-1] Log - addArticleToCartByImage test is succeed.
[INFO ] 2022-04-06 15:01:58.697 [TestNG-tests-1] Log - Ouverture de Chrome
[INFO ] 2022-04-06 15:02:04.088 [TestNG-tests-1] Log - addArticleToCartByLabel test is starting.
[INFO ] 2022-04-06 15:02:13.127 [TestNG-tests-1] Log - addArticleToCartByLabel test is succeed.
[INFO ] 2022-04-06 15:02:15.341 [TestNG-tests-1] Log - Ouverture de Chrome
[INFO ] 2022-04-06 15:02:21.198 [TestNG-tests-1] Log - addArticleToCartByPrice test is starting.
[INFO ] 2022-04-06 15:02:29.657 [TestNG-tests-1] Log - addArticleToCartByPrice test is succeed.
[INFO ] 2022-04-06 15:02:31.783 [TestNG-tests-1] Log - Ouverture de Chrome
[INFO ] 2022-04-06 15:02:37.614 [TestNG-tests-1] Log - addArticleToCartFromShopage test is starting.
[INFO ] 2022-04-06 15:02:41.184 [TestNG-tests-1] Log - addArticleToCartFromShopage test is succeed.
[INFO ] 2022-04-06 15:02:43.412 [TestNG-tests-1] Log - Ouverture de Chrome
[INFO ] 2022-04-06 15:02:48.986 [TestNG-tests-1] Log - verifyFilterByPrice1 test is starting.
[INFO ] 2022-04-06 15:02:54.369 [TestNG-tests-1] Log - verifyFilterByPrice1 test is succeed.
[INFO ] 2022-04-06 15:02:56.460 [TestNG-tests-1] Log - Ouverture de Chrome
[INFO ] 2022-04-06 15:03:01.998 [TestNG-tests-1] Log - verifyFilterByTheme test is starting.
[INFO ] 2022-04-06 15:03:06.578 [TestNG-tests-1] Log - verifyFilterByTheme test is succeed.
[INFO ] 2022-04-06 15:03:06.884 [TestNG-tests-1] Log - I am in onFinish method Exemple
[INFO ] 2022-04-06 15:31:00.589 [TestNG-tests-1] Log - I am in onStart method Exemple
[INFO ] 2022-04-06 15:31:03.034 [TestNG-tests-1] Log - Ouverture de Chrome
[INFO ] 2022-04-06 15:31:14.147 [TestNG-tests-1] Log - Ouverture de Chrome
[INFO ] 2022-04-06 15:31:23.397 [TestNG-tests-1] Log - addArticleToCart test is starting.
[INFO ] 2022-04-06 15:31:28.737 [TestNG-tests-1] Log - addArticleToCart test is failed.
[INFO ] 2022-04-06 15:31:31.697 [TestNG-tests-1] Log - Ouverture de Chrome
[INFO ] 2022-04-06 15:31:41.099 [TestNG-tests-1] Log - addArticleToCartByImage test is starting.
[INFO ] 2022-04-06 15:31:49.672 [TestNG-tests-1] Log - addArticleToCartByImage test is succeed.
[INFO ] 2022-04-06 15:31:51.372 [TestNG-tests-1] Log - Ouverture de Chrome
[INFO ] 2022-04-06 15:32:00.546 [TestNG-tests-1] Log - addArticleToCartByLabel test is starting.
[INFO ] 2022-04-06 15:32:06.428 [TestNG-tests-1] Log - addArticleToCartByLabel test is succeed.
[INFO ] 2022-04-06 15:32:08.402 [TestNG-tests-1] Log - Ouverture de Chrome
[INFO ] 2022-04-06 15:32:17.714 [TestNG-tests-1] Log - addArticleToCartByPrice test is starting.
[INFO ] 2022-04-06 15:32:26.029 [TestNG-tests-1] Log - addArticleToCartByPrice test is succeed.
[INFO ] 2022-04-06 15:32:28.223 [TestNG-tests-1] Log - Ouverture de Chrome
[INFO ] 2022-04-06 15:32:37.309 [TestNG-tests-1] Log - addArticleToCartFromShopage test is starting.
[INFO ] 2022-04-06 15:32:43.055 [TestNG-tests-1] Log - addArticleToCartFromShopage test is succeed.
[INFO ] 2022-04-06 15:32:44.892 [TestNG-tests-1] Log - Ouverture de Chrome
[INFO ] 2022-04-06 15:32:53.791 [TestNG-tests-1] Log - verifyFilterByPrice1 test is starting.
[INFO ] 2022-04-06 15:33:08.780 [TestNG-tests-1] Log - verifyFilterByPrice1 test is succeed.
[INFO ] 2022-04-06 15:33:10.758 [TestNG-tests-1] Log - Ouverture de Chrome
[INFO ] 2022-04-06 15:33:20.030 [TestNG-tests-1] Log - verifyFilterByTheme test is starting.
[INFO ] 2022-04-06 15:33:25.420 [TestNG-tests-1] Log - verifyFilterByTheme test is succeed.
[INFO ] 2022-04-06 15:33:25.720 [TestNG-tests-1] Log - I am in onFinish method Exemple
[INFO ] 2022-04-06 16:32:28.968 [TestNG-tests-1] Log - I am in onStart method Exemple
[INFO ] 2022-04-06 16:32:31.723 [TestNG-tests-1] Log - Ouverture de Chrome
[INFO ] 2022-04-06 16:32:40.102 [TestNG-tests-1] Log - Ouverture de Chrome
[INFO ] 2022-04-06 16:32:47.105 [TestNG-tests-1] Log - addArticleToCart test is starting.
[INFO ] 2022-04-06 16:32:51.384 [TestNG-tests-1] Log - addArticleToCart test is failed.
[INFO ] 2022-04-06 16:32:54.471 [TestNG-tests-1] Log - Ouverture de Chrome
[INFO ] 2022-04-06 16:33:01.646 [TestNG-tests-1] Log - addArticleToCartByImage test is starting.
[INFO ] 2022-04-06 16:33:04.769 [TestNG-tests-1] Log - addArticleToCartByImage test is failed.
[INFO ] 2022-04-06 16:33:07.650 [TestNG-tests-1] Log - Ouverture de Chrome
[INFO ] 2022-04-06 16:33:14.277 [TestNG-tests-1] Log - addArticleToCartByLabel test is starting.
[INFO ] 2022-04-06 16:33:17.168 [TestNG-tests-1] Log - addArticleToCartByLabel test is failed.
[INFO ] 2022-04-06 16:33:20.155 [TestNG-tests-1] Log - Ouverture de Chrome
[INFO ] 2022-04-06 16:33:27.385 [TestNG-tests-1] Log - addArticleToCartByPrice test is starting.
[INFO ] 2022-04-06 16:33:35.740 [TestNG-tests-1] Log - addArticleToCartByPrice test is succeed.
[INFO ] 2022-04-06 16:33:37.782 [TestNG-tests-1] Log - Ouverture de Chrome
[INFO ] 2022-04-06 16:33:44.232 [TestNG-tests-1] Log - addArticleToCartFromShopage test is starting.
[INFO ] 2022-04-06 16:33:47.760 [TestNG-tests-1] Log - addArticleToCartFromShopage test is succeed.
[INFO ] 2022-04-06 16:33:49.646 [TestNG-tests-1] Log - Ouverture de Chrome
[INFO ] 2022-04-06 16:33:56.334 [TestNG-tests-1] Log - verifyFilterByPrice1 test is starting.
[INFO ] 2022-04-06 16:34:11.293 [TestNG-tests-1] Log - verifyFilterByPrice1 test is succeed.
[INFO ] 2022-04-06 16:34:13.039 [TestNG-tests-1] Log - Ouverture de Chrome
[INFO ] 2022-04-06 16:34:19.961 [TestNG-tests-1] Log - verifyFilterByTheme test is starting.
[INFO ] 2022-04-06 16:34:25.050 [TestNG-tests-1] Log - verifyFilterByTheme test is succeed.
[INFO ] 2022-04-06 16:34:25.380 [TestNG-tests-1] Log - I am in onFinish method Exemple
[INFO ] 2022-04-06 16:36:17.321 [main] Log - I am in onStart method Exemple
[INFO ] 2022-04-06 16:36:20.293 [main] Log - Ouverture de Chrome
[INFO ] 2022-04-06 16:36:33.379 [main] Log - Ouverture de Chrome
[INFO ] 2022-04-06 16:36:39.782 [main] Log - addArticleToCart test is starting.
[INFO ] 2022-04-06 16:36:44.627 [main] Log - addArticleToCart test is failed.
[INFO ] 2022-04-06 16:36:48.954 [main] Log - Ouverture de Chrome
[INFO ] 2022-04-06 16:36:56.961 [main] Log - addArticleToCartByImage test is starting.
[INFO ] 2022-04-06 16:36:59.612 [main] Log - addArticleToCartByImage test is failed.
[INFO ] 2022-04-06 16:37:03.943 [main] Log - Ouverture de Chrome
[INFO ] 2022-04-06 16:37:09.847 [main] Log - addArticleToCartByLabel test is starting.
[INFO ] 2022-04-06 16:37:19.189 [main] Log - addArticleToCartByLabel test is succeed.
[INFO ] 2022-04-06 16:37:22.297 [main] Log - Ouverture de Chrome
[INFO ] 2022-04-06 16:37:27.825 [main] Log - addArticleToCartByPrice test is starting.
[INFO ] 2022-04-06 16:37:36.377 [main] Log - addArticleToCartByPrice test is succeed.
[INFO ] 2022-04-06 16:37:39.386 [main] Log - Ouverture de Chrome
[INFO ] 2022-04-06 16:37:45.227 [main] Log - addArticleToCartFromShopage test is starting.
[INFO ] 2022-04-06 16:37:48.913 [main] Log - addArticleToCartFromShopage test is succeed.
[INFO ] 2022-04-06 16:37:51.764 [main] Log - Ouverture de Chrome
[INFO ] 2022-04-06 16:37:57.612 [main] Log - verifyFilterByPrice1 test is starting.
[INFO ] 2022-04-06 16:38:03.503 [main] Log - verifyFilterByPrice1 test is succeed.
[INFO ] 2022-04-06 16:38:06.146 [main] Log - Ouverture de Chrome
[INFO ] 2022-04-06 16:38:12.588 [main] Log - verifyFilterByTheme test is starting.
[INFO ] 2022-04-06 16:38:17.312 [main] Log - verifyFilterByTheme test is succeed.
[INFO ] 2022-04-06 16:38:17.796 [main] Log - I am in onFinish method Exemple
[INFO ] 2022-04-06 17:08:04.409 [TestNG-tests-2] Log - I am in onStart method Exemple1
[INFO ] 2022-04-06 17:08:04.409 [TestNG-tests-1] Log - I am in onStart method Exemple
[INFO ] 2022-04-06 17:08:08.459 [TestNG-tests-2] Log - Ouverture de Chrome
[INFO ] 2022-04-06 17:08:08.459 [TestNG-tests-1] Log - Ouverture de Chrome
[INFO ] 2022-04-06 17:08:15.737 [TestNG-tests-2] Log - Ouverture de Chrome
[INFO ] 2022-04-06 17:08:16.178 [TestNG-tests-1] Log - Ouverture de Chrome
[INFO ] 2022-04-06 17:08:19.884 [TestNG-tests-2] Log - addArticleToCart test is starting.
[INFO ] 2022-04-06 17:08:22.741 [TestNG-tests-1] Log - addArticleToCart test is starting.
[INFO ] 2022-04-06 17:08:30.697 [TestNG-tests-2] Log - addArticleToCart test is failed.
[INFO ] 2022-04-06 17:08:31.551 [TestNG-tests-1] Log - addArticleToCart test is failed.
[INFO ] 2022-04-06 17:08:40.141 [TestNG-tests-2] Log - Ouverture de Chrome
[INFO ] 2022-04-06 17:08:41.090 [TestNG-tests-1] Log - Ouverture de Chrome
[INFO ] 2022-04-06 17:08:44.001 [TestNG-tests-2] Log - addArticleToCartByImage test is starting.
[INFO ] 2022-04-06 17:08:47.370 [TestNG-tests-1] Log - addArticleToCartByImage test is starting.
[INFO ] 2022-04-06 17:08:49.966 [TestNG-tests-2] Log - addArticleToCartByImage test is succeed.
[INFO ] 2022-04-06 17:08:52.541 [TestNG-tests-1] Log - addArticleToCartByImage test is succeed.
[INFO ] 2022-04-06 17:08:53.515 [TestNG-tests-2] Log - Ouverture de Chrome
[INFO ] 2022-04-06 17:08:56.043 [TestNG-tests-1] Log - Ouverture de Chrome
[INFO ] 2022-04-06 17:08:59.357 [TestNG-tests-2] Log - addArticleToCartByLabel test is starting.
[INFO ] 2022-04-06 17:09:00.927 [TestNG-tests-1] Log - addArticleToCartByLabel test is starting.
[INFO ] 2022-04-06 17:09:03.162 [TestNG-tests-2] Log - addArticleToCartByLabel test is succeed.
[INFO ] 2022-04-06 17:09:04.698 [TestNG-tests-1] Log - addArticleToCartByLabel test is succeed.
[INFO ] 2022-04-06 17:09:06.307 [TestNG-tests-2] Log - Ouverture de Chrome
[INFO ] 2022-04-06 17:09:08.335 [TestNG-tests-1] Log - Ouverture de Chrome
[INFO ] 2022-04-06 17:09:11.966 [TestNG-tests-2] Log - addArticleToCartByPrice test is starting.
[INFO ] 2022-04-06 17:09:13.463 [TestNG-tests-1] Log - addArticleToCartByPrice test is starting.
[INFO ] 2022-04-06 17:09:16.945 [TestNG-tests-2] Log - addArticleToCartByPrice test is succeed.
[INFO ] 2022-04-06 17:09:17.999 [TestNG-tests-1] Log - addArticleToCartByPrice test is succeed.
[INFO ] 2022-04-06 17:09:19.796 [TestNG-tests-2] Log - Ouverture de Chrome
[INFO ] 2022-04-06 17:09:21.505 [TestNG-tests-1] Log - Ouverture de Chrome
[INFO ] 2022-04-06 17:09:26.939 [TestNG-tests-1] Log - addArticleToCartFromShopage test is starting.
[INFO ] 2022-04-06 17:09:26.941 [TestNG-tests-2] Log - addArticleToCartFromShopage test is starting.
[INFO ] 2022-04-06 17:09:29.670 [TestNG-tests-2] Log - addArticleToCartFromShopage test is succeed.
[INFO ] 2022-04-06 17:09:29.836 [TestNG-tests-1] Log - addArticleToCartFromShopage test is succeed.
[INFO ] 2022-04-06 17:09:32.930 [TestNG-tests-2] Log - Ouverture de Chrome
[INFO ] 2022-04-06 17:09:33.687 [TestNG-tests-1] Log - Ouverture de Chrome
[INFO ] 2022-04-06 17:09:37.107 [TestNG-tests-2] Log - verifyFilterByPrice1 test is starting.
[INFO ] 2022-04-06 17:09:38.915 [TestNG-tests-1] Log - verifyFilterByPrice1 test is starting.
[INFO ] 2022-04-06 17:09:52.069 [TestNG-tests-2] Log - verifyFilterByPrice1 test is succeed.
[INFO ] 2022-04-06 17:09:54.904 [TestNG-tests-1] Log - verifyFilterByPrice1 test is succeed.
[INFO ] 2022-04-06 17:09:55.127 [TestNG-tests-2] Log - Ouverture de Chrome
[INFO ] 2022-04-06 17:09:57.980 [TestNG-tests-1] Log - Ouverture de Chrome
[INFO ] 2022-04-06 17:10:04.223 [TestNG-tests-2] Log - verifyFilterByTheme test is starting.
[INFO ] 2022-04-06 17:10:06.252 [TestNG-tests-1] Log - verifyFilterByTheme test is starting.
[INFO ] 2022-04-06 17:10:09.996 [TestNG-tests-2] Log - verifyFilterByTheme test is succeed.
[INFO ] 2022-04-06 17:10:10.356 [TestNG-tests-2] Log - I am in onFinish method Exemple1
[INFO ] 2022-04-06 17:10:12.441 [TestNG-tests-1] Log - verifyFilterByTheme test is succeed.
[INFO ] 2022-04-06 17:10:12.820 [TestNG-tests-1] Log - I am in onFinish method Exemple
